# === EXECUCAO INICIADA EM 2026-03-02 18:44:56 ===

[18:44:56.109]  CLI 101          INFO       Iniciado -- 30 acessos planejados -> no node0

[18:45:31.100]  CLI 105          OK         [ 1/45] COMMITTED  lat=34989ms  med=34989ms  [||||||||||||||||||||]

[18:45:31.100]  CLI 105          ESPERA     Aguardando 2s...

[18:45:51.352]  CLI 105          OK         [ 2/45] COMMITTED  lat=18248ms  med=26618ms  [||||||||||||||||||||]

[18:45:51.353]  CLI 105          ESPERA     Aguardando 2s...

[18:46:11.545]  CLI 105          OK         [ 3/45] COMMITTED  lat=18190ms  med=23809ms  [||||||||||||||||||||]

[18:46:11.546]  CLI 105          ESPERA     Aguardando 2s...

[18:46:15.577]  CLI 104          OK         [ 4/28] COMMITTED  lat=18183ms  med=17664ms  [||||||||||||||||||||]

[18:46:15.578]  CLI 104          ESPERA     Aguardando 5s...
”Җв”Җв”Җв”Җв”Җв”Җв”Җв”Җв”Җв”Җв”Җв”Җв”Җв”Җв”Җв”Җв”Җв”Җв”Җв”Җв”Җв”Җв”Җв”Җв”Җв”Җв”җ
[18:45:10.793]  в”Ӯ  METRICAS -- No 0  |  nos vivos=[0, 1, 2, 3, 4]                в”Ӯ
[18:45:10.793]  в””в”Җв”Җв”Җв”Җв”Җв”Җв”Җв”Җв”Җв”Җв”Җв”Җв”Җв”Җв”Җв”Җв”Җв”Җв”Җв”Җв”Җв”Җв”Җв”Җв”Җв”Җв”Җв”Җв”Җв”Җв”Җв”Җв”Җв”Җв”Җв
[18:45:10.822]  в”Ңв”Җв”Җв”Җв”Җв”Җв”Җв”Җв”Җв”Җв”Җв”Җв”Җв”Җв”Җв”Җв”Җв”Җв”Җв”Җв”Җв”Җв
[18:45:11.830]  в”Ңв”Җв”Җв”Җв”Җв”Җв”Җв”Җв”Җв”Җв”Җв”Җв”Җв”Җв”Җв”Җв”Җв”Җв”Җв”Җв”Җв”Җв”Җв”Җв”Җв”Җв”Җв”Җв”Җв”Җв”Җв”Җв”Җв”Җв”Җв”Җв”Җв”Җв”Җв”Җв”Җв”Җв”Җв”Җв”Җв”Җв”Җв”Җв”Җв”Җв”Җв”Җв”Җв”Җв”Җв”Җв”Җв”Җв”Җв”Җв”Җв”Җв”Җв”җ
[18:45:11.830]  в”Ӯ  NГ“ 0 VERIFICANDO O TOKEN                                      в”Ӯ
[18:45:11.830]  в””в”Җв”Җв”Җв”Җв”Җв”Җв”Җв”Җв”Җв”Җв”Җв”Җв”Җв”Җв”Җв”Җв”Җв”Җв”Җв”Җв”Җв”Җв”Җв”Җв”Җв”Җв”Җв”Җв”Җв”Җв”Җв”Җв”Җв”Җв”Җв”Җв”Җв”Җв”Җв”Җв”Җв”Җв”Җв”Җв”Җв”Җв”Җв”Җв”Җв”Җв”Җв”Җв”Җв”Җв”Җв”Җв”Җв”Җв”Җв”Җв”Җв”Җв”ҳ
[18:45:11.831]  NO 0             TOKEN      NO [0]  |  CLIENT_ID = NULL    |  TIMESTAMP = NULL
[18:45:11.832]  NO 0             TOKEN      NO [1]  |  CLIENT_ID = 102     |  TIMESTAMP = 1772477096047
[18:45:11.833]  NO 0             TOKEN      NO [2]  |  CLIENT_ID = 103     |  TIMESTAMP = 1772477095976
[18:45:11.834]  NO 0             TOKEN      NO [3]  |  CLIENT_ID = 104     |  TIMESTAMP = 1772477095912
[18:45:11.835]  NO 0             TOKEN      NO [4]  |  CLIENT_ID = 10
[18:45:1
[18:45:1
[18:45:1
[18:45:15.901]  в”Ңв”Җв”Җв”Җв”Җв”Җв”Җв”Җв”Җв”Җв”Җв”Җв”Җв”Җв”Җв”Җв”Җв”Җв”Җв”Җв”Җв”Җв”Җв”Җв”Җв
[18:45:16.908]  в”Ңв”Җв”Җв”Җв”Җв”Җв”Җв”Җв”Җв”Җв”Җв”Җв”Җв”Җв”Җв”Җв”Җв”Җв”Җв”Җв”Җв”Җв”Җв”Җв”Җв”Җв”Җв”Җв”Җв”Җв”Җв”Җв”Җв”Җв”Җв”Җв”Җв”Җв”Җв”Җв”Җв”Җв”Җв”Җв”Җв”Җв”Җв”Җв”Җв”Җв”Җв”Җв”Җв”Җв”Җв”Җв”Җв”Җв”Җв”Җв”Җв”Җв”Җв”җ
[18:45:16.908]  в”Ӯ  NГ“ 0 VERIFICANDO O TOKEN                                      в”Ӯ
[18:45:16.908]  в””в”Җв”Җв”Җв”Җв”Җв”Җв”Җв”Җв”Җв”Җв”Җв”Җв”Җв”Җв”Җв”Җв”Җв”Җв”Җв”Җв”Җв”Җв”Җв”Җв”Җв”Җв”Җв”Җв”Җв”Җв”Җв”Җв”Җв”Җв”Җв”Җв”Җв”Җв”Җв”Җв”Җв”Җв”Җв”Җв”Җв”Җв”Җв”Җв”Җв”Җв”Җв”Җв”Җв”Җв”Җв”Җв”Җв”Җв”Җв”Җв”Җв”Җв”ҳ
[18:45:16.909]  NO 0             TOKEN      NO [0]  |  CLIENT_ID = 101     |  TIMESTAMP = 1772477096110
[18:45:16.911]  NO 0             TOKEN      NO [1]  |  CLIENT_ID = 102     |  TIMESTAMP = 1772477096047
[18:45:16.912]  NO 0             TOKEN      NO [2]  |  CLIENT_ID = 103     |  TIMESTAMP = 1772477095976
[18:45:16.913]  NO 0             TOKEN      NO [3]  |  CLIENT_ID = NULL    |  TIMESTAMP 
[18:45:1
[18:45:1
[18:45:20.965]  в”Ңв”Җв”Җв”Җв”Җв”Җв”Җв”Җв”Җв”Җв”Җв”Җв”Җв”Җв”Җв”Җв”Җв”Җв”Җв”Җв”Җв”Җв”Җв”Җв”Җв
[18:45:21.976]  в”Ңв”Җв”Җв”Җв”Җв”Җв”Җв”Җв”Җв”Җв”Җв”Җв”Җв”Җв”Җв”Җв”Җв”Җв”Җв”Җв”Җв”Җв”Җв”Җв”Җв”Җв”Җв”Җв”Җв”Җв”Җв”Җв”Җв”Җв”Җв”Җв”Җв”Җв”Җв”Җв”Җв”Җв”Җв”Җв”Җв”Җв”Җв”Җв”Җв”Җв”Җв”Җв”Җв”Җв”Җв”Җв”Җв”Җв”Җв”Җв”Җв”Җв”Җв”җ
[18:45:21.976]  в”Ӯ  NГ“ 0 VERIFICANDO O TOKEN                                      в”Ӯ
[18:45:21.976]  в””в”Җв”Җв”Җв”Җв”Җв”Җв”Җв”Җв”Җв”Җв”Җв”Җв”Җв”Җв”Җв”Җв”Җв”Җв”Җв”Җв”Җв”Җв”Җв”Җв”Җв”Җв”Җв”Җв”Җв”Җв”Җв”Җв”Җв”Җв”Җв”Җв”Җв”Җв”Җв”Җв”Җв”Җв”Җв”Җв”Җв”Җв”Җв”Җв”Җв”Җв”Җв”Җв”Җв”Җв”Җв”Җв”Җв”Җв”Җв”Җв”Җв”Җв”ҳ
[18:45:21.977]  NO 0             TOKEN      NO [0]  |  CLIENT_ID = 101     |  TIMESTAMP = 1772477096110
[18:45:21.979]  NO 0             TOKEN      NO [1]  |  CLIENT_ID = 102     |  TIMESTAMP = 1772477096047
[18:45:21.980]  NO 0             TOKEN      NO [2]  |  CLIENT_ID = NULL    |  TIMESTAMP = NULL
[18:45:21.981]  NO 0             TOKEN      NO [3]  |  CLIENT_ID = 104     |  TIMESTAMP = 1772477
[18:45:22.983]  в
[18:45:25.704]  в”Ңв”Җв”Җв”Җв”Җв”Җв”Җв”Җв”Җв”Җв”Җв”Җв”Җв”Җв”Җв”Җв”Җв”Җв”Җв”Җв”Җв”Җв”Җв”Җв”Җв
[18:45:25.795]  в”Ңв”Җв”Җв”Җв”Җв”Җв”Җв”Җв”Җв”Җв”Җв”Җв”Җв”Җв”Җв”Җв”Җв”Җв”Җв”Җв”Җв”Җв”Җв”Җв”Җв”Җв”Җв”Җв”Җв”Җв”Җв”Җв”Җв”Җв”Җв”Җв”Җв”Җв”Җв”Җв”Җв”Җв”Җв”Җв”Җв”Җв”Җв”Җв”Җв”Җв”Җв”Җв”Җв”Җв”Җв”Җв”Җв”Җв”Җв”Җв”Җв”Җв”Җв”җ
[18:45:25.795]  в”Ӯ  METRICAS -- No 0  |  nos vivos=[0, 1, 2, 3, 4]                в”Ӯ
[18:45:25.795]  в””в”Җв”Җв”Җв”Җв”Җв”Җв”Җв”Җв”Җв”Җв”Җв”Җв”Җв”Җв”Җв”Җв”Җв”Җв”Җв”Җв”Җв”Җв”Җв”Җв”Җв”Җв”Җв”Җв”Җв”Җв”Җв”Җв
[18:45:26.017]  в”Ңв”Җв”Җв”Җв”Җв”Җв”Җв”Җв”Җв”Җв”Җв”Җв”Җв”Җв”Җв”Җв”Җв”Җв”Җв”Җв”Җв”Җв”Җв”Җв”Җв
[18:45:27.025]  в”Ңв”Җв”Җв”Җв”Җв”Җв”Җв”Җв”Җв”Җв”Җв”Җв”Җв”Җв”Җв”Җв”Җв”Җв”Җв”Җв”Җв”Җв”Җв”Җв”Җв”Җв”Җв”Җв”Җв”Җв”Җв”Җв”Җв”Җв”Җв”Җв”Җв”Җв”Җв”Җв”Җв”Җв”Җв”Җв”Җв”Җв”Җв”Җв”Җв”Җв”Җв”Җв”Җв”Җв”Җв”Җв”Җв”Җв”Җв”Җв”Җв”Җв”Җв”җ
[18:45:27.025]  в”Ӯ  NГ“ 0 VERIFICANDO O TOKEN                                      в”Ӯ
[18:45:27.025]  в””в”Җв”Җв”Җв”Җв”Җв”Җв”Җв”Җв”Җв”Җв”Җв”Җв”Җв”Җв”Җв”Җв”Җв”Җв”Җв”Җв”Җв”Җв”Җв”Җв”Җв”Җв”Җв”Җв”Җв”Җв”Җв”Җв”Җв”Җв”Җв”Җв”Җв”Җв”Җв”Җв”Җв”Җв”Җв”Җв”Җв”Җв”Җв”Җв”Җв”Җв”Җв”Җв”Җв”Җв”Җв”Җв”Җв”Җв”Җв”Җв”Җв”Җв”ҳ
[18:45:27.028]  NO 0             TOKEN      NO [0]  |  CLIENT_ID = 101     |  TIMESTAMP = 1772477096110
[18:45:27.030]  NO 0             TOKEN      NO [1]  |  CLIENT_ID = NULL    |  TIMESTAMP = NULL
[18:45:27.030]  NO 0             TOKEN      NO [2]  |  CLIENT_ID = 103     |  TIMESTAMP = 1772477123949
[18:45:27.032]  NO 0             TOKEN      NO [3]  |  CLIENT_ID = 104     |  TIMESTAMP = 1772477119903
[18:45:27.0
[18:45:31.070]  в”Ңв”Җв”Җв”Җв”Җв”Җв”Җв”Җв”Җв”Җв”Җв”Җв”Җв”Җв”Җв”Җв”Җв”Җв”Җв”Җв”Җв”Җв”Җв”Җв”Җв”Җв”Җв”Җв”Җв”Җв”Җв”Җв”Җв”Җв”Җв”Җв”Җв”Җв”Җв”Җв”Җв”Җв”Җв”Җв”Җв”Җв”Җв”Җв”Җв”Җв”Җв”Җв”Җв”Җв”Җв”Җв”Җв”Җв”Җв”Җв”Җв”Җв”Җв”җ
[18:45:31.070]  в”Ӯ  NГ“ 4 VERIFICANDO O TOKEN                                      в”Ӯ
[18:45:31.070]  в””в”Җв”Җв”Җв”Җв”Җв”Җв”Җв”Җв”Җв”Җв”Җв”Җв”Җв”Җв”Җв”Җв”Җв”Җв”Җв”Җв”Җв”Җв”Җв”Җв”Җв”Җв”Җв”Җв”Җв”Җв”Җв”Җв”Җв”Җв”Җв”Җв”Җв”Җв”Җв”Җв”Җв”Җв”Җв”Җв”Җв”Җв”Җв”Җв”Җв”Җв”Җв”Җв”Җв”Җв”Җв”Җв”Җв”Җв”Җв”Җв”Җв”Җв”ҳ
[18:45:31.071]  NO 4             TOKEN      NO [0]  |  CLIENT_ID = NULL    |  TIMESTAMP = NULL
[18:45:31.073]  NO 4             TOKEN      NO [1]  |  CLIENT_ID = 102     |  TIMESTAMP = 1772477125005
[18:45:31.074]  NO 4             TOKEN      NO [2]  |  CLIENT_ID = 103     |  TIMESTAMP = 1772477123949
[18:45:31.075]  NO 4             TOKEN      NO [3]  |  CLIENT_ID = 104     |  TIMESTAMP = 17724771199
[18:45:32.102]  в”Ңв”Җв”Җв”Җв”Җв”Җв”Җв”Җв”Җв”Җв”Җв”Җв”Җв”Җв”Җв”Җв”Җв”Җв”Җв”Җв”Җв”Җв”Җв”Җв”Җв”Җв”Җв”Җв”Җв”Җв”Җв”Җв”Җв”Җв”Җв”Җв”Җв”Җв”Җв”Җв”Җв”Җв”Җв”Җв”Җв”Җв”Җв”Җв”Җв”Җв”Җв”Җв”Җв”Җв”Җв”Җв”Җв”Җв”Җв”Җв”Җв”Җв”Җв”җ
[18:45:32.102]  в”Ӯ  NГ“ 0 VERIFICANDO O TOKEN                                      в”Ӯ
[18:45:32.102]  в””в”Җв”Җв”Җв”Җв”Җв”Җв”Җв”Җв”Җв”Җв”Җв”Җв”Җв”Җв”Җв”Җв”Җв”Җв”Җв”Җв”Җв”Җв”Җв”Җв”Җв”Җв”Җв”Җв”Җв”Җв”Җв”Җв”Җв”Җв”Җв”Җв”Җв”Җв”Җв”Җв”Җв”Җв”Җв”Җв”Җв”Җв”Җв”Җв”Җв”Җв”Җв”Җв”Җв”Җв”Җв”Җв”Җв”Җв”Җв”Җв”Җв”Җв”ҳ
[18:45:32.103]  NO 0             TOKEN      NO [0]  |  CLIENT_ID = NULL    |  TIMESTAMP = NULL
[18:45:32.104]  NO 0             TOKEN      NO [1]  |  CLIENT_ID = 102     |  TIMESTAMP = 1772477125005
[18:45:32.104]  NO 0             TOKEN      NO [2]  |  CLIENT_ID = 103     |  TIMESTAMP = 1772477123949
[18:45:32.104]  NO 0             TOKEN      
[18:45:33.105]  NO 4             INFO       Novo pedido -- cliente=105

[18:45:36.152]  в”Ңв”Җв”Җв”Җв”Җв”Җв”Җв”Җв”Җв”Җв”Җв”Җв”Җв”Җв”Җв”Җв”Җв”Җв”Җв”Җв”Җв”Җв”Җв”Җв”Җв”Җв”Җв”Җв”Җв”Җв”Җв”Җв”Җв”Җв”Җв”Җв”Җв”Җв”Җв”Җв”Җв”Җв”Җв”Җв”Җв”Җв”Җв”Җв”Җв”Җв
[18:45:37.157]  в”Ңв”Җв”Җв”Җв”Җв”Җв”Җв”Җв”Җв”Җв”Җв”Җв”Җв”Җв”Җв”Җв”Җв”Җв”Җв”Җв”Җв”Җв”Җв”Җв”Җв”Җв”Җв”Җв”Җв”Җв”Җв”Җв”Җв”Җв”Җв”Җв”Җв”Җв”Җв”Җв”Җв”Җв”Җв”Җв”Җв”Җв”Җв”Җв”Җв”Җв”Җв”Җв”Җв”Җв”Җв”Җв”Җв”Җв”Җв”Җв”Җв”Җв”Җв”җ
[18:45:37.157]  в”Ӯ  NГ“ 0 VERIFICANDO O TOKEN                                      в”Ӯ
[18:45:37.157]  в””в”Җв”Җв”Җв”Җв”Җв”Җв”Җв”Җв”Җв”Җв”Җв”Җв”Җв”Җв”Җв”Җв”Җв”Җв”Җв”Җв”Җв”Җв”Җв”Җв”Җв”Җв”Җв”Җв”Җв”Җв”Җв”Җв”Җв”Җв”Җв”Җв”Җв”Җв”Җв”Җв”Җв”Җв”Җв”Җв”Җв”Җв”Җв”Җв”Җв”Җв”Җв”Җв”Җв”Җв”Җв”Җв”Җв”Җв”Җв”Җв”Җв”Җв”ҳ
[18:45:37.159]  NO 0             TOKEN      NO [0]  |  CLIENT_ID = 101     |  TIMESTAMP = 1772477129043
[18:45:37.160]  NO 0             TOKEN      NO [1]  |  CLIENT_ID = 102     |  TIMESTAMP = 1772477125005
[18:45:37.161]  NO 0             TOKEN      NO [2]  |  CLIENT_ID = 103     |  TIMESTAMP = 1772477123949
[18:45:37.161]  NO 0             TOKEN      NO [3]  |  CLIENT_ID = NULL    |  TIMESTAMP =
[18:45:
[18:45:39
[18:45:40.709]  в”Ңв”Җв”Җв”Җв”Җв”Җв”Җв”Җв”Җв”Җв”Җв”Җв”Җв”Җв”Җв”Җв”Җв”Җв”Җв”Җв”Җв”Җв”Җв”Җв”Җ
[18:45:40.802]  в”Ңв”Җв”Җв”Җв”Җв”Җв”Җв”Җв”Җв”Җв”Җв”Җв”Җв”Җв”Җв”Җв”Җв”Җв”Җв”Җв”Җв”Җв”Җв”Җв”Җв”Җв”Җв”Җв”Җв”Җв”Җв”Җв”Җв”Җв”Җв”Җв”Җв”Җв”Җв”Җв”Җв”Җв”Җв”Җв”Җв”Җв”Җв”Җв”Җв”Җв”Җв”Җв”Җв”Җв”Җв”Җв”Җв”Җв”Җв”Җв”Җв”Җв”Җв”җ
[18:45:40.802]  в”Ӯ  METRICAS -- No 0  |  nos vivos=[0, 1, 2, 3, 4]                в”Ӯ
[18:45:40.802]  в””в”Җв”Җв”Җв”Җв”Җв”Җв”Җв”Җв”Җв”Җв”Җв”Җв”Җв”Җв”Җв”Җв”Җв”Җв”Җв”Җв”Җв”Җв”Җв”Җв”Җв”Җв”Җв”Җв”Җв”Җв”Җв”Җв”
[18:45:41.207]  в”Ңв”Җв”Җв”Җв”Җв”Җв”Җв”Җв”Җв”Җв”Җв”Җв”Җв”Җв”Җв”Җв”Җв”Җв”Җв”Җв”Җв”Җв”Җв”Җв”Җ
[18:45:42.216]  в”Ңв”Җв”Җв”Җв”Җв”Җв”Җв”Җв”Җв”Җв”Җв”Җв”Җв”Җв”Җв”Җв”Җв”Җв”Җв”Җв”Җв”Җв”Җв”Җв”Җв”Җв”Җв”Җв”Җв”Җв”Җв”Җв”Җв”Җв”Җв”Җв”Җв”Җв”Җв”Җв”Җв”Җв”Җв”Җв”Җв”Җв”Җв”Җв”Җв”Җв”Җв”Җв”Җв”Җв”Җв”Җв”Җв”Җв”Җв”Җв”Җв”Җв”Җв”җ
[18:45:42.216]  в”Ӯ  NГ“ 0 VERIFICANDO O TOKEN                                      в”Ӯ
[18:45:42.216]  в””в”Җв”Җв”Җв”Җв”Җв”Җв”Җв”Җв”Җв”Җв”Җв”Җв”Җв”Җв”Җв”Җв”Җв”Җв”Җв”Җв”Җв”Җв”Җв”Җв”Җв”Җв”Җв”Җв”Җв”Җв”Җв”Җв”Җв”Җв”Җв”Җв”Җв”Җв”Җв”Җв”Җв”Җв”Җв”Җв”Җв”Җв”Җв”Җв”Җв”Җв”Җв”Җв”Җв”Җв”Җв”Җв”Җв”Җв”Җв”Җв”Җв”Җв”ҳ
[18:45:42.219]  NO 0             TOKEN      NO [0]  |  CLIENT_ID = 101     |  TIMESTAMP = 1772477129043
[18:45:42.220]  NO 0             TOKEN      NO [1]  |  CLIENT_ID = 102     |  TIMESTAMP = 1772477125005
[18:45:42.220]  NO 0             TOKEN      NO [2]  |  CLIENT_ID = NULL    |  TIMESTAMP = NULL
[18:45:42.222]  NO 0             TOKEN      NO [3]  |  CLIENT_ID = 104     |  TIMESTAMP = 17724771
[18:45:43.226]  в
[18:45:46.257]  в”Ңв”Җв”Җв”Җв”Җв”Җв”Җв”Җв”Җв”Җв”Җв”Җв”Җв”Җв”Җв”Җв”Җв”Җв”Җв”Җв”Җв”Җв”Җв”Җв”Җ
[18:45:47.268]  в”Ңв”Җв”Җв”Җв”Җв”Җв”Җв”Җв”Җв”Җв”Җв”Җв”Җв”Җв”Җв”Җв”Җв”Җв”Җв”Җв”Җв”Җв”Җв”Җв”Җв”Җв”Җв”Җв”Җв”Җв”Җв”Җв”Җв”Җв”Җв”Җв”Җв”Җв”Җв”Җв”Җв”Җв”Җв”Җв”Җв”Җв”Җв”Җв”Җв”Җв”Җв”Җв”Җв”Җв”Җв”Җв”Җв”Җв”Җв”Җв”Җв”Җв”Җв”җ
[18:45:47.268]  в”Ӯ  NГ“ 0 VERIFICANDO O TOKEN                                      в”Ӯ
[18:45:47.268]  в””в”Җв”Җв”Җв”Җв”Җв”Җв”Җв”Җв”Җв”Җв”Җв”Җв”Җв”Җв”Җв”Җв”Җв”Җв”Җв”Җв”Җв”Җв”Җв”Җв”Җв”Җв”Җв”Җв”Җв”Җв”Җв”Җв”Җв”Җв”Җв”Җв”Җв”Җв”Җв”Җв”Җв”Җв”Җв”Җв”Җв”Җв”Җв”Җв”Җв”Җв”Җв”Җв”Җв”Җв”Җв”Җв”Җв”Җв”Җв”Җв”Җв”Җв”ҳ
[18:45:47.270]  NO 0             TOKEN      NO [0]  |  CLIENT_ID = 101     |  TIMESTAMP = 1772477129043
[18:45:47.271]  NO 0             TOKEN      NO [1]  |  CLIENT_ID = NULL    |  TIMESTAMP = NULL
[18:45:47.272]  NO 0             TOKEN      NO [2]  |  CLIENT_ID = 103     |  TIMESTAMP = 1772477141205
[18:45:47.274]  NO 0             TOKEN      NO [3]  |  CLIENT_ID = 104     |  TIMESTAMP = 1772477137155
[18:45:47.27
[18:45:51.330]  в”Ңв”Җв”Җв”Җв”Җв”Җв”Җв”Җв”Җв”Җв”Җв”Җв”Җв”Җв”Җв”Җв”Җв”Җв”Җв”Җв”Җв”Җв”Җв”Җв”Җв”Җв”Җв”Җв”Җв”Җв”Җв”Җв”Җв”Җв”Җв”Җв”Җв”Җв”Җв”Җв”Җв”Җв”Җв”Җв”Җв”Җв”Җв”Җв”Җв”Җв”Җв”Җв”Җв”Җв”Җв”Җв”Җв”Җв”Җв”Җв”Җв”Җв”Җв”җ
[18:45:51.330]  в”Ӯ  NГ“ 4 VERIFICANDO O TOKEN                                      в”Ӯ
[18:45:51.330]  в””в”Җв”Җв”Җв”Җв”Җв”Җв”Җв”Җв”Җв”Җв”Җв”Җв”Җв”Җв”Җв”Җв”Җв”Җв”Җв”Җв”Җв”Җв”Җв”Җв”Җв”Җв”Җв”Җв”Җв”Җв”Җв”Җв”Җв”Җв”Җв”Җв”Җв”Җв”Җв”Җв”Җв”Җв”Җв”Җв”Җв”Җв”Җв”Җв”Җв”Җв”Җв”Җв”Җв”Җв”Җв”Җв”Җв”Җв”Җв”Җв”Җв”Җв”ҳ
[18:45:51.330]  NO 4             TOKEN      NO [0]  |  CLIENT_ID = NULL    |  TIMESTAMP = NULL
[18:45:51.331]  NO 4             TOKEN      NO [1]  |  CLIENT_ID = 102     |  TIMESTAMP = 1772477145244
[18:45:51.332]  NO 4             TOKEN      NO [2]  |  CLIENT_ID = 103     |  TIMESTAMP = 1772477141205
[18:45:51.333]  NO 4             TOKEN      NO [3]  |  CLIENT_ID = 104     |  TIMESTAMP = 17724771371
[18:45:52.354]  в”Ңв”Җв”Җв”Җв”Җв”Җв”Җв”Җв”Җв”Җв”Җв”Җв”Җв”Җв”Җв”Җв”Җв”Җв”Җв”Җв”Җв”Җв”Җв”Җв”Җв”Җв”Җв”Җв”Җв”Җв”Җв”Җв”Җв”Җв”Җв”Җв”Җв”Җв”Җв”Җв”Җв”Җв”Җв”Җв”Җв”Җв”Җв”Җв”Җв”Җв”Җв”Җв”Җв”Җв”Җв”Җв”Җв”Җв”Җв”Җв”Җв”Җв”Җв”җ
[18:45:52.354]  в”Ӯ  NГ“ 0 VERIFICANDO O TOKEN                                      в”Ӯ
[18:45:52.354]  в””в”Җв”Җв”Җв”Җв”Җв”Җв”Җв”Җв”Җв”Җв”Җв”Җв”Җв”Җв”Җв”Җв”Җв”Җв”Җв”Җв”Җв”Җв”Җв”Җв”Җв”Җв”Җв”Җв”Җв”Җв”Җв”Җв”Җв”Җв”Җв”Җв”Җв”Җв”Җв”Җв”Җв”Җв”Җв”Җв”Җв”Җв”Җв”Җв”Җв”Җв”Җв”Җв”Җв”Җв”Җв”Җв”Җв”Җв”Җв”Җв”Җв”Җв”ҳ
[18:45:52.354]  NO 0             TOKEN      NO [0]  |  CLIENT_ID = NULL    |  TIMESTAMP = NULL
[18:45:52.355]  NO 0             TOKEN      NO [1]  |  CLIENT_ID = 102     |  TIMESTAMP = 1772477145244
[18:45:52.355]  NO 0             TOKEN      NO [2]  |  CLIENT_ID = 103     |  TIMESTAMP = 1772477141205
[18:45:52.355]  NO 0             TOKEN      
[18:45:53.355]  NO 4             INFO       Novo pedido -- cliente=105

[18:45:55.715]  в”Ңв”Җв”Җв”Җв”Җв”Җв”Җв”Җв”Җв”Җв”Җв”Җв”Җв”Җв”Җв”Җв”Җв”Җв”Җв”Җв”Җв”Җв”Җв”Җв”Җв”Җв”Җв”Җв”Җв”Җв”Җв”Җв”Җв”Җв”Җв”Җв”Җв”Җв”Җв”Җв”Җв”Җв”Җв”Җв”Җв”Җв”Җв”Җв”Җв”Җв
[18:45:55.806]  в”Ңв”Җв”Җв”Җв”Җв”Җв”Җв”Җв”Җв”Җв”Җв”Җв”Җв”Җв”Җв”Җв”Җв”Җв”Җв”Җв”Җв”Җв”Җв”Җв”Җв”Җв”Җв”Җв”Җв”Җв”Җв”Җв”Җв”Җв”Җв”Җв”Җв”Җв”Җв”Җв”Җв”Җв”Җв”Җв”Җв”Җв”Җв”Җв”Җв”Җв”Җв”Җв”Җв”Җв”Җв”Җв”Җв”Җв”Җв”Җв”Җв”Җв”Җв”җ
[18:45:55.806]  в”Ӯ  METRICAS -- No 0  |  nos vivos=[0, 1, 2, 3, 4]                в”Ӯ
[18:45:55.806]  в””в”Җв”Җв”Җв”Җв”Җв”Җв”Җв
[18:45:56.393]  в”Ңв”Җв”Җв”Җв”Җв”Җв”Җв”Җв”Җв”Җв”Җв”Җв”Җв”Җв”Җв”Җв”Җв”Җв”Җв”Җв”Җв”Җв”Җв”Җв”Җв”Җв”Җв”Җв”Җв”Җв”Җв”Җв”Җв”Җв”Җв”Җв”Җв”Җв”Җв”Җв”Җв”Җв”Җв”Җв”Җв”Җв”Җв”Җв”Җв”Җв
[18:45:57.398]  в”Ңв”Җв”Җв”Җв”Җв”Җв”Җв”Җв”Җв”Җв”Җв”Җв”Җв”Җв”Җв”Җв”Җв”Җв”Җв”Җв”Җв”Җв”Җв”Җв”Җв”Җв”Җв”Җв”Җв”Җв”Җв”Җв”Җв”Җв”Җв”Җв”Җв”Җв”Җв”Җв”Җв”Җв”Җв”Җв”Җв”Җв”Җв”Җв”Җв”Җв”Җв”Җв”Җв”Җв”Җв”Җв”Җв”Җв”Җв”Җв”Җв”Җв”Җв”җ
[18:45:57.398]  в”Ӯ  NГ“ 0 VERIFICANDO O TOKEN                                      в”Ӯ
[18:45:57.398]  в””в”Җв”Җв”Җв”Җв”Җв”Җв”Җв”Җв”Җв”Җв”Җв”Җв”Җв”Җв”Җв”Җв”Җв”Җв”Җв”Җв”Җв”Җв”Җв”Җв”Җв”Җв”Җв”Җв”Җв”Җв”Җв”Җв”Җв”Җв”Җв”Җв”Җв”Җв”Җв”Җв”Җв”Җв”Җв”Җв”Җв”Җв”Җв”Җв”Җв”Җв”Җв”Җв”Җв”Җв”Җв”Җв”Җв”Җв”Җв”Җв”Җв”Җв”ҳ
[18:45:57.399]  NO 0             TOKEN      NO [0]  |  CLIENT_ID = 101     |  TIMESTAMP = 1772477151297
[18:45:57.400]  NO 0             TOKEN      NO [1]  |  CLIENT_ID = 102     |  TIMESTAMP = 1772477145244
[18:45:57.401]  NO 0             TOKEN      NO [2]  |  CLIENT_ID = 103     |  TIMESTAMP = 1772477141205
[18:45:57.402]  NO 0             TOKEN      NO [3]  |  CLIENT_ID = NULL    |  TIMESTAMP 
[18:45:
[18:45:59.
[18:46:01.448]  в”Ңв”Җв”Җв”Җв”Җв”Җв”Җв”Җв”Җв”Җв”Җв”Җв”Җв”Җв”Җв”Җв”Җв”Җв”Җв”Җв”Җв”Җв”Җв”Җв”Җ
[18:46:02.454]  в”Ңв”Җв”Җв”Җв”Җв”Җв”Җв”Җв”Җв”Җв”Җв”Җв”Җв”Җв”Җв”Җв”Җв”Җв”Җв”Җв”Җв”Җв”Җв”Җв”Җв”Җв”Җв”Җв”Җв”Җв”Җв”Җв”Җв”Җв”Җв”Җв”Җв”Җв”Җв”Җв”Җв”Җв”Җв”Җв”Җв”Җв”Җв”Җв”Җв”Җв”Җв”Җв”Җв”Җв”Җв”Җв”Җв”Җв”Җв”Җв”Җв”Җв”Җв”җ
[18:46:02.454]  в”Ӯ  NГ“ 0 VERIFICANDO O TOKEN                                      в”Ӯ
[18:46:02.454]  в””в”Җв”Җв”Җв”Җв”Җв”Җв”Җв”Җв”Җв”Җв”Җв”Җв”Җв”Җв”Җв”Җв”Җв”Җв”Җв”Җв”Җв”Җв”Җв”Җв”Җв”Җв”Җв”Җв”Җв”Җв”Җв”Җв”Җв”Җв”Җв”Җв”Җв”Җв”Җв”Җв”Җв”Җв”Җв”Җв”Җв”Җв”Җв”Җв”Җв”Җв”Җв”Җв”Җв”Җв”Җв”Җв”Җв”Җв”Җв”Җв”Җв”Җв”ҳ
[18:46:02.456]  NO 0             TOKEN      NO [0]  |  CLIENT_ID = 101     |  TIMESTAMP = 1772477151297
[18:46:02.457]  NO 0             TOKEN      NO [1]  |  CLIENT_ID = 102     |  TIMESTAMP = 1772477145244
[18:46:02.458]  NO 0             TOKEN      NO [2]  |  CLIENT_ID = NULL    |  TIMESTAMP = NULL
[18:46:02.459]  NO 0             TOKEN      NO [3]  |  CLIENT_ID = 104     |  TIMESTAMP = 1772477
[18:46:03.462]  в”
[18:46:06.494]  в”Ңв”Җв”Җв”Җв”Җв”Җв”Җв”Җв”Җв”Җв”Җв”Җв”Җв”Җв”Җв”Җв”Җв”Җв”Җв”Җв”Җв”Җв”Җв”Җв”Җ
[18:46:07.499]  в”Ңв”Җв”Җв”Җв”Җв”Җв”Җв”Җв”Җв”Җв”Җв”Җв”Җв”Җв”Җв”Җв”Җв”Җв”Җв”Җв”Җв”Җв”Җв”Җв”Җв”Җв”Җв”Җв”Җв”Җв”Җв”Җв”Җв”Җв”Җв”Җв”Җв”Җв”Җв”Җв”Җв”Җв”Җв”Җв”Җв”Җв”Җв”Җв”Җв”Җв”Җв”Җв”Җв”Җв”Җв”Җв”Җв”Җв”Җв”Җв”Җв”Җв”Җв”җ
[18:46:07.499]  в”Ӯ  NГ“ 0 VERIFICANDO O TOKEN                                      в”Ӯ
[18:46:07.499]  в””в”Җв”Җв”Җв”Җв”Җв”Җв”Җв”Җв”Җв”Җв”Җв”Җв”Җв”Җв”Җв”Җв”Җв”Җв”Җв”Җв”Җв”Җв”Җв”Җв”Җв”Җв”Җв”Җв”Җв”Җв”Җв”Җв”Җв”Җв”Җв”Җв”Җв”Җв”Җв”Җв”Җв”Җв”Җв”Җв”Җв”Җв”Җв”Җв”Җв”Җв”Җв”Җв”Җв”Җв”Җв”Җв”Җв”Җв”Җв”Җв”Җв”Җв”ҳ
[18:46:07.500]  NO 0             TOKEN      NO [0]  |  CLIENT_ID = 101     |  TIMESTAMP = 1772477151297
[18:46:07.500]  NO 0             TOKEN      NO [1]  |  CLIENT_ID = NULL    |  TIMESTAMP = NULL
[18:46:07.501]  NO 0             TOKEN      NO [2]  |  CLIENT_ID = 103     |  TIMESTAMP = 1772477163443
[18:46:07.501]  NO 0             TOKEN      NO [3]  |  CLIENT_ID = 104     |  TIMESTAMP = 1772477157394
[18:46:07.50
[18:46:10.724]  в”Ңв”Җв”Җв”Җв”Җв”Җв”Җв”Җв”Җв”Җв”Җв”Җв”Җв”Җв”Җв”Җв”Җв”Җв”Җв”Җв”Җв”Җв”Җв”Җв”Җв”Җв”Җв”Җв”Җв”Җв”Җв”Җв”Җв”Җв”Җв”Җв”Җв”Җв”Җв”Җв”Җв”Җв”Җв”Җв”Җв”Җв”Җв”Җв”Җв”Җв”Җв”Җв”Җв”Җв”Җв”Җв”Җв”Җв”Җв”Җв”Җв”Җв”Җв”җ
[18:46:10.724]  в”Ӯ  METRICAS -- No 4  |  nos vivos=[0, 1, 2, 3, 4]                в”Ӯ
[18:46:10.724]  в””в”Җв”Җв”Җв”Җв”Җв”Җв”Җв”Җв”Җв”Җв”Җв”Җв”Җв”Җв”Җв”Җв”Җв”Җв”Җв”Җв”Җв”Җв”Җв”Җв”Җв”Җв”Җв”Җв”Җв”Җв”Җв”Җв”Җв”Җв”Җв”Җв”Җв”Җв”Җв”Җв”Җв”Җв”Җв”Җв”Җв”Җв”Җв”Җв”Җв”Җв”Җв”Җв”Җв”Җв”Җв”Җв”Җв”Җв”Җв”Җв”Җв”Җв”ҳ

[18:46:11.531]  в”Ңв”Җв”Җв”Җв”Җв”Җв”Җв”Җв”Җв”Җв”Җв”Җв”Җв”Җв”Җв”Җв”Җв”Җв”Җв”Җв”Җв”Җв”Җв”Җв”Җв”Җв”Җв”Җв”Җв”Җв”Җв”Җв”Җв”Җв”Җв”Җв”Җв”Җв”Җв”Җв”Җв”Җв”Җв”Җв”Җв”Җв”Җв”Җв”Җв”Җв”Җв”Җв”Җв”Җв”Җв”Җв”Җв”Җв”Җв”Җв”Җв”Җв”Җв”җ
[18:46:11.531]  в”Ӯ  NГ“ 4 VERIFICANDO O TOKEN                                      в”Ӯ
[18:46:11.531]  в””в”Җв”Җв”Җв”Җв”Җв”Җв”Җв”Җв”Җв”Җв”Җв”Җв”Җв”Җв”Җв”Җв”Җв”Җв”Җв”Җв”Җв”Җв”Җв”Җв”Җв”Җв”Җв”Җв”Җв”Җв”Җв”Җв”Җв”Җв”Җв”Җв”Җв”Җв”Җв”Җв”Җв”Җв”Җв”Җв”Җв”Җв”Җв”Җв”Җв”Җв”Җв”Җв”Җв”Җв”Җв”Җв”Җв”Җв”Җв”Җв”Җв”Җв”ҳ
[18:46:11.534]  NO 4             TOKEN      NO [0]  |  CLIENT_ID = NULL    |  TIMESTAMP = NULL
[18:46:11.535]  NO 4             TOKEN      NO [1]  |  CLIENT_ID = 102     |  TIMESTAMP = 1772477168480
[18:46:11.536]  NO 4             TOKEN      NO [2]  |  CLIENT_ID = 103     |  TIMESTAMP = 1772477163443
[18:46:11.537]  NO 4             TOKEN      NO [3]  |  CLIENT_ID = 104     |  TIMESTAMP = 1772477157
[18:46:12.547]  в”Ңв”Җв”Җв”Җв”Җв”Җв”Җв”Җв”Җв”Җв”Җв”Җв”Җв”Җв”Җв”Җв”Җв”Җв”Җв”Җв”Җв”Җв”Җв”Җв”Җв”Җв”Җв”Җв”Җв”Җв”Җв”Җв”Җв”Җв”Җв”Җв”Җв”Җв”Җв”Җв”Җв”Җв”Җв”Җв”Җв”Җв”Җв”Җв”Җв”Җв”Җв”Җв”Җв”Җв”Җв”Җв”Җв”Җв”Җв”Җв”Җв”Җв”Җв”җ
[18:46:12.547]  в”Ӯ  NГ“ 0 VERIFICANDO O TOKEN                                      в”Ӯ
[18:46:12.547]  в””в”Җв”Җв”Җв”Җв”Җв”Җв”Җв”Җв”Җв”Җв”Җв”Җв”Җв”Җв”Җв”Җв”Җв”Җв”Җв”Җв”Җв”Җв”Җв”Җв”Җв”Җв”Җв”Җв”Җв”Җв”Җв”Җв”Җв”Җв”Җв”Җв”Җв”Җв”Җв”Җв”Җв”Җв”Җв”Җв”Җв”Җв”Җв”Җв”Җв”Җв”Җв”Җв”Җв”Җв”Җв”Җв”Җв”Җв”Җв”Җв”Җв”Җв”ҳ
[18:46:12.549]  NO 0             TOKEN      NO [0]  |  CLIENT_ID = NULL    |  TIMESTAMP = NULL
[18:46:12.550]  NO 0             TOKEN      NO [1]  |  CLIENT_ID = 102     |  TIMESTAMP = 1772477168480
[18:46:12.551]  NO 0             TOKEN      NO [2]  |  CLIENT_ID = 103     |  TIMESTAMP = 1772477163443
[18:46:12.552]  NO 0             TOKEN      
[18:46:13.548]  NO 4             INFO       Novo pedido -- cliente=105

[18:46:16.579]  в”Ңв”Җв”Җв”Җв”Җв”Җв”Җв”Җв”Җв”Җв”Җв”Җв”Җв”Җв”Җв”Җв”Җв”Җв”Җв”Җв”Җв”Җв”Җв”Җв”Җв”Җв”Җв”Җв”Җв”Җв”Җв”Җв”Җв”Җв”Җв”Җв”Җв”Җв”Җв”Җв”Җв”Җв”Җв”Җв”Җв”Җв”Җв”Җв”Җв”Җв
[18:46:17.584]  в”Ңв”Җв”Җв”Җв”Җв”Җв”Җв”Җв”Җв”Җв”Җв”Җв”Җв”Җв”Җв”Җв”Җв”Җв”Җв”Җв”Җв”Җв”Җв”Җв”Җв”Җв”Җв”Җв”Җв”Җв”Җв”Җв”Җв”Җв”Җв”Җв”Җв”Җв”Җв”Җв”Җв”Җв”Җв”Җв”Җв”Җв”Җв”Җв”Җв”Җв”Җв”Җв”Җв”Җв”Җв”Җв”Җв”Җв”Җв”Җв”Җв”Җв”Җв”җ
[18:46:17.584]  в”Ӯ  NГ“ 0 VERIFICANDO O TOKEN                                      в”Ӯ
[18:46:17.584]  в””в”Җв”Җв”Җв”Җв”Җв”Җв”Җв”Җв”Җв”Җв”Җв”Җв”Җв”Җв”Җв”Җв”Җв”Җв”Җв”Җв”Җв”Җв”Җв”Җв”Җв”Җв”Җв”Җв”Җв”Җв”Җв”Җв”Җв”Җв”Җв”Җв”Җв”Җв”Җв”Җв”Җв”Җв”Җв”Җв”Җв”Җв”Җв”Җв”Җв”Җв”Җв”Җв”Җв”Җв”Җв”Җв”Җв”Җв”Җв”Җв”Җв”Җв”ҳ
[18:46:17.585]  NO 0             TOKEN      NO [0]  |  CLIENT_ID = 101     |  TIMESTAMP = 1772477169512
[18:46:17.586]  NO 0             TOKEN      NO [1]  |  CLIENT_ID = 102     |  TIMESTAMP = 1772477168480
[18:46:17.587]  NO 0             TOKEN      NO [2]  |  CLIENT_ID = 103     |  TIMESTAMP = 1772477163443
[18:46:17.588]  NO 0             TOKEN      NO [3]  |  CLIENT_ID = NULL    |  TIMESTAMP 
[18:46:18.591]  в”Ңв”Җв”Җв”Җв”Җв”Җв”Җв”Җв”Җв”Җв”Җв”Җв”Җв”Җв”Җв”Җв”Җв”Җв”Җв”Җв”Җв”Җв”Җв”Җв”Җв”Җв”Җв”Җв”Җв”Җв”Җв”Җв”Җв”Җв”Җв”Җв”Җв”Җв”Җв”Җв”Җв”Җв”Җв”Җв”Җв”Җв”Җв”Җв”Җв”Җв”Җв”Җв”Җв”Җв”Җв”Җв”Җв”Җв”Җв”Җв”Җв”Җв”Җв”җ
[18:46:18.591]  в”Ӯ  NГ“ 1 VERIFICANDO O TOKEN                                      в”Ӯ
[18:46:18.591]  в””в”Җв”Җв”Җв”Җв”Җв”Җв”Җв”Җв”Җв”Җв”Җв”Җв”Җв”Җв”Җв”Җв”Җв”Җв”Җв”Җв”Җв”Җв”Җв”Җв”Җв”Җв”Җв”Җв”Җв”Җв”Җв”Җв”Җв”Җв”Җв”Җв”Җв”Җв”Җв”Җв”Җв”Җв”Җв”Җв”Җв”Җв”Җв”Җв”Җв”Җв”Җв”Җв”Җв”Җв”Җв”Җв”Җв”Җв”Җв”Җв”Җв”Җв”ҳ
[18:46:18.592]  NO 1             TOKEN      NO [0]  |  CLIENT_ID = 101     |  TIMESTAMP = 1772477169512
[18:46:18.592]  NO 1             TOKEN      NO [1]  |  CLIENT_ID = 102     |  TIMESTAMP = 1772477168480
[18:46:18.593]  NO 1             TOKEN      NO [2]  |  CLIENT_ID = 103     |  TIMESTAMP = 1772477163443
[18:46:18.593]  NO 1             TOKEN      NO [3]  |  CLIENT_ID = NULL    |  TIMESTAMP = NULL
[18:46:18.594]  NO 1             TOKEN      NO [4]  |  CLIENT_ID = 105     |  TIMESTAMP = 1772477173548
